<?xml version="1.0" encoding="UTF-8"?>
<!-- Generated by org.testng.reporters.JUnitXMLReporter -->
<testsuite hostname="CS-075-LT-WS" name="Test1" tests="5" failures="2" timestamp="18 May 2018 02:08:59 GMT" time="188.563" errors="0">
  <testcase name="@AfterTest end" time="0.0" classname="com.circlesLife.TestCases.FacebookAutomationTestCase">
    <failure type="org.openqa.selenium.remote.SessionNotFoundException" message="A session is either terminated or not started (WARNING: The server did not provide any stacktrace information)
Command duration or timeout: 9 milliseconds
Build info: version: &amp;apos;2.53.1&amp;apos;, revision: &amp;apos;a36b8b1cd5757287168e54b817830adce9b0158d&amp;apos;, time: &amp;apos;2016-06-30 19:26:09&amp;apos;
System info: host: &amp;apos;CS-075-LT-WS&amp;apos;, ip: &amp;apos;169.254.202.181&amp;apos;, os.name: &amp;apos;Windows 8.1&amp;apos;, os.arch: &amp;apos;amd64&amp;apos;, os.version: &amp;apos;6.3&amp;apos;, java.version: &amp;apos;1.8.0_91&amp;apos;
Driver info: io.appium.java_client.android.AndroidDriver
Capabilities [{appPackage=com.facebook.katana, app=E:\suraj\Circles.LifeAutomationTest\circlesLifeAutomationTest\apk\facebook.apk, deviceScreenSize=1080x1920, networkConnectionEnabled=true, noReset=true, warnings={}, databaseEnabled=false, locale=US, deviceName=7413475c, deviceReadyTimeout=450, platform=ANDROID, deviceUDID=7413475c, appActivity=com.facebook.katana.LoginActivity, desired={appPackage=com.facebook.katana, appActivity=com.facebook.katana.LoginActivity, app=E:\suraj\Circles.LifeAutomationTest\circlesLifeAutomationTest\apk\facebook.apk, noReset=true, newCommandTimeout=60000, platformVersion=6.0.1, udid=7413475c, locale=US, platformName=Android, deviceName=oneplus, deviceReadyTimeout=450, platform=ANDROID}, newCommandTimeout=60000, platformVersion=6.0.1, webStorageEnabled=false, locationContextEnabled=false, takesScreenshot=true, javascriptEnabled=true, deviceModel=ONE A2003, udid=7413475c, platformName=Android, deviceManufacturer=OnePlus}]
Session ID: f349ffa9-8dbc-4cc9-9fe2-5deebae02833">
      <![CDATA[org.openqa.selenium.remote.SessionNotFoundException: A session is either terminated or not started (WARNING: The server did not provide any stacktrace information)
Command duration or timeout: 9 milliseconds
Build info: version: '2.53.1', revision: 'a36b8b1cd5757287168e54b817830adce9b0158d', time: '2016-06-30 19:26:09'
System info: host: 'CS-075-LT-WS', ip: '169.254.202.181', os.name: 'Windows 8.1', os.arch: 'amd64', os.version: '6.3', java.version: '1.8.0_91'
Driver info: io.appium.java_client.android.AndroidDriver
Capabilities [{appPackage=com.facebook.katana, app=E:\suraj\Circles.LifeAutomationTest\circlesLifeAutomationTest\apk\facebook.apk, deviceScreenSize=1080x1920, networkConnectionEnabled=true, noReset=true, warnings={}, databaseEnabled=false, locale=US, deviceName=7413475c, deviceReadyTimeout=450, platform=ANDROID, deviceUDID=7413475c, appActivity=com.facebook.katana.LoginActivity, desired={appPackage=com.facebook.katana, appActivity=com.facebook.katana.LoginActivity, app=E:\suraj\Circles.LifeAutomationTest\circlesLifeAutomationTest\apk\facebook.apk, noReset=true, newCommandTimeout=60000, platformVersion=6.0.1, udid=7413475c, locale=US, platformName=Android, deviceName=oneplus, deviceReadyTimeout=450, platform=ANDROID}, newCommandTimeout=60000, platformVersion=6.0.1, webStorageEnabled=false, locationContextEnabled=false, takesScreenshot=true, javascriptEnabled=true, deviceModel=ONE A2003, udid=7413475c, platformName=Android, deviceManufacturer=OnePlus}]
Session ID: f349ffa9-8dbc-4cc9-9fe2-5deebae02833
	at org.openqa.selenium.remote.ErrorHandler.createThrowable(ErrorHandler.java:206)
	at org.openqa.selenium.remote.ErrorHandler.throwIfResponseFailed(ErrorHandler.java:158)
	at org.openqa.selenium.remote.RemoteWebDriver.execute(RemoteWebDriver.java:678)
	at io.appium.java_client.DefaultGenericMobileDriver.execute(DefaultGenericMobileDriver.java:40)
	at io.appium.java_client.AppiumDriver.execute(AppiumDriver.java:1)
	at io.appium.java_client.android.AndroidDriver.execute(AndroidDriver.java:1)
	at io.appium.java_client.AppiumDriver.removeApp(AppiumDriver.java:269)
	at com.circlesLife.TestCases.FacebookAutomationTestCase.end(FacebookAutomationTestCase.java:92)
... Removed 25 stack frames]]>
    </failure>
  </testcase> <!-- @AfterTest end -->
  <testcase name="loginToFacebookWebsite" time="47.953" classname="com.circlesLife.TestCases.FacebookAutomationTestCase"/>
  <testcase name="addNewPostInFacebook" time="30.914" classname="com.circlesLife.TestCases.FacebookAutomationTestCase">
    <failure type="org.openqa.selenium.TimeoutException" message="Timed out after 30 seconds waiting for element to be clickable: Proxy element for: DefaultElementLocator &amp;apos;By.xpath: //button[@data-testid=&amp;apos;react-composer-post-button&amp;apos;]&amp;apos;
Build info: version: &amp;apos;2.53.1&amp;apos;, revision: &amp;apos;a36b8b1cd5757287168e54b817830adce9b0158d&amp;apos;, time: &amp;apos;2016-06-30 19:26:09&amp;apos;
System info: host: &amp;apos;CS-075-LT-WS&amp;apos;, ip: &amp;apos;169.254.202.181&amp;apos;, os.name: &amp;apos;Windows 8.1&amp;apos;, os.arch: &amp;apos;amd64&amp;apos;, os.version: &amp;apos;6.3&amp;apos;, java.version: &amp;apos;1.8.0_91&amp;apos;
Driver info: org.openqa.selenium.chrome.ChromeDriver
Capabilities [{applicationCacheEnabled=false, rotatable=false, mobileEmulationEnabled=false, networkConnectionEnabled=false, chrome={chromedriverVersion=2.38.552522 (437e6fbedfa8762dec75e2c5b3ddb86763dc9dcb), userDataDir=C:\Users\SURAJ~1.VIJ\AppData\Local\Temp\scoped_dir5704_19220}, takesHeapSnapshot=true, pageLoadStrategy=normal, databaseEnabled=false, handlesAlerts=true, hasTouchScreen=false, version=66.0.3359.139, platform=WIN8_1, browserConnectionEnabled=false, nativeEvents=true, acceptSslCerts=false, acceptInsecureCerts=false, locationContextEnabled=true, webStorageEnabled=true, browserName=chrome, takesScreenshot=true, javascriptEnabled=true, cssSelectorsEnabled=true, setWindowRect=true, unexpectedAlertBehaviour=}]
Session ID: 541c193ecba0b0a5605ba09c7bf0b4a1">
      <![CDATA[org.openqa.selenium.TimeoutException: Timed out after 30 seconds waiting for element to be clickable: Proxy element for: DefaultElementLocator 'By.xpath: //button[@data-testid='react-composer-post-button']'
Build info: version: '2.53.1', revision: 'a36b8b1cd5757287168e54b817830adce9b0158d', time: '2016-06-30 19:26:09'
System info: host: 'CS-075-LT-WS', ip: '169.254.202.181', os.name: 'Windows 8.1', os.arch: 'amd64', os.version: '6.3', java.version: '1.8.0_91'
Driver info: org.openqa.selenium.chrome.ChromeDriver
Capabilities [{applicationCacheEnabled=false, rotatable=false, mobileEmulationEnabled=false, networkConnectionEnabled=false, chrome={chromedriverVersion=2.38.552522 (437e6fbedfa8762dec75e2c5b3ddb86763dc9dcb), userDataDir=C:\Users\SURAJ~1.VIJ\AppData\Local\Temp\scoped_dir5704_19220}, takesHeapSnapshot=true, pageLoadStrategy=normal, databaseEnabled=false, handlesAlerts=true, hasTouchScreen=false, version=66.0.3359.139, platform=WIN8_1, browserConnectionEnabled=false, nativeEvents=true, acceptSslCerts=false, acceptInsecureCerts=false, locationContextEnabled=true, webStorageEnabled=true, browserName=chrome, takesScreenshot=true, javascriptEnabled=true, cssSelectorsEnabled=true, setWindowRect=true, unexpectedAlertBehaviour=}]
Session ID: 541c193ecba0b0a5605ba09c7bf0b4a1
	at org.openqa.selenium.support.ui.WebDriverWait.timeoutException(WebDriverWait.java:80)
	at org.openqa.selenium.support.ui.FluentWait.until(FluentWait.java:261)
	at com.facebook.Pages.FacebookWebsiteHomePage.postMessageInFacebook(FacebookWebsiteHomePage.java:46)
	at com.circlesLife.TestCases.FacebookAutomationTestCase.addNewPostInFacebook(FacebookAutomationTestCase.java:55)
Caused by: org.openqa.selenium.NoSuchElementException: no such element: Unable to locate element: {"method":"xpath","selector":"//button[@data-testid='react-composer-post-button']"}
  (Session info: chrome=66.0.3359.139)
  (Driver info: chromedriver=2.38.552522 (437e6fbedfa8762dec75e2c5b3ddb86763dc9dcb),platform=Windows NT 6.3.9600 x86_64) (WARNING: The server did not provide any stacktrace information)
Command duration or timeout: 17 milliseconds
For documentation on this error, please visit: http://seleniumhq.org/exceptions/no_such_element.html
Build info: version: '2.53.1', revision: 'a36b8b1cd5757287168e54b817830adce9b0158d', time: '2016-06-30 19:26:09'
System info: host: 'CS-075-LT-WS', ip: '169.254.202.181', os.name: 'Windows 8.1', os.arch: 'amd64', os.version: '6.3', java.version: '1.8.0_91'
Driver info: org.openqa.selenium.chrome.ChromeDriver
Capabilities [{applicationCacheEnabled=false, rotatable=false, mobileEmulationEnabled=false, networkConnectionEnabled=false, chrome={chromedriverVersion=2.38.552522 (437e6fbedfa8762dec75e2c5b3ddb86763dc9dcb), userDataDir=C:\Users\SURAJ~1.VIJ\AppData\Local\Temp\scoped_dir5704_19220}, takesHeapSnapshot=true, pageLoadStrategy=normal, databaseEnabled=false, handlesAlerts=true, hasTouchScreen=false, version=66.0.3359.139, platform=WIN8_1, browserConnectionEnabled=false, nativeEvents=true, acceptSslCerts=false, acceptInsecureCerts=false, locationContextEnabled=true, webStorageEnabled=true, browserName=chrome, takesScreenshot=true, javascriptEnabled=true, cssSelectorsEnabled=true, setWindowRect=true, unexpectedAlertBehaviour=}]
Session ID: 541c193ecba0b0a5605ba09c7bf0b4a1
*** Element info: {Using=xpath, value=//button[@data-testid='react-composer-post-button']}
	at org.openqa.selenium.remote.ErrorHandler.createThrowable(ErrorHandler.java:206)
	at org.openqa.selenium.remote.ErrorHandler.throwIfResponseFailed(ErrorHandler.java:158)
	at org.openqa.selenium.remote.RemoteWebDriver.execute(RemoteWebDriver.java:678)
	at org.openqa.selenium.remote.RemoteWebDriver.findElement(RemoteWebDriver.java:363)
	at org.openqa.selenium.remote.RemoteWebDriver.findElementByXPath(RemoteWebDriver.java:500)
	at org.openqa.selenium.By$ByXPath.findElement(By.java:361)
	at org.openqa.selenium.remote.RemoteWebDriver.findElement(RemoteWebDriver.java:355)
	at org.openqa.selenium.support.pagefactory.DefaultElementLocator.findElement(DefaultElementLocator.java:69)
	at org.openqa.selenium.support.pagefactory.internal.LocatingElementHandler.invoke(LocatingElementHandler.java:38)
	at com.sun.proxy.$Proxy6.isDisplayed(Unknown Source)
	at org.openqa.selenium.support.ui.ExpectedConditions.elementIfVisible(ExpectedConditions.java:302)
	at org.openqa.selenium.support.ui.ExpectedConditions.access$100(ExpectedConditions.java:41)
	at org.openqa.selenium.support.ui.ExpectedConditions$10.apply(ExpectedConditions.java:288)
	at org.openqa.selenium.support.ui.ExpectedConditions$10.apply(ExpectedConditions.java:285)
	at org.openqa.selenium.support.ui.ExpectedConditions$23.apply(ExpectedConditions.java:687)
	at org.openqa.selenium.support.ui.ExpectedConditions$23.apply(ExpectedConditions.java:680)
	at org.openqa.selenium.support.ui.FluentWait.until(FluentWait.java:238)
	... 26 more
... Removed 27 stack frames]]>
    </failure>
  </testcase> <!-- addNewPostInFacebook -->
  <testcase name="verifyAppiumConnectionAndAppLuanch" time="30.297" classname="com.circlesLife.TestCases.FacebookAutomationTestCase"/>
  <testcase name="verifyFacebookLoginTest" time="40.517" classname="com.circlesLife.TestCases.FacebookAutomationTestCase"/>
  <testcase name="verifyLatestPostFromActivityLog" time="37.273" classname="com.circlesLife.TestCases.FacebookAutomationTestCase">
    <failure type="org.openqa.selenium.remote.SessionNotFoundException" message="A session is either terminated or not started (WARNING: The server did not provide any stacktrace information)
Command duration or timeout: 5 milliseconds
Build info: version: &amp;apos;2.53.1&amp;apos;, revision: &amp;apos;a36b8b1cd5757287168e54b817830adce9b0158d&amp;apos;, time: &amp;apos;2016-06-30 19:26:09&amp;apos;
System info: host: &amp;apos;CS-075-LT-WS&amp;apos;, ip: &amp;apos;169.254.202.181&amp;apos;, os.name: &amp;apos;Windows 8.1&amp;apos;, os.arch: &amp;apos;amd64&amp;apos;, os.version: &amp;apos;6.3&amp;apos;, java.version: &amp;apos;1.8.0_91&amp;apos;
Driver info: io.appium.java_client.android.AndroidDriver
Capabilities [{appPackage=com.facebook.katana, app=E:\suraj\Circles.LifeAutomationTest\circlesLifeAutomationTest\apk\facebook.apk, deviceScreenSize=1080x1920, networkConnectionEnabled=true, noReset=true, warnings={}, databaseEnabled=false, locale=US, deviceName=7413475c, deviceReadyTimeout=450, platform=ANDROID, deviceUDID=7413475c, appActivity=com.facebook.katana.LoginActivity, desired={appPackage=com.facebook.katana, appActivity=com.facebook.katana.LoginActivity, app=E:\suraj\Circles.LifeAutomationTest\circlesLifeAutomationTest\apk\facebook.apk, noReset=true, newCommandTimeout=60000, platformVersion=6.0.1, udid=7413475c, locale=US, platformName=Android, deviceName=oneplus, deviceReadyTimeout=450, platform=ANDROID}, newCommandTimeout=60000, platformVersion=6.0.1, webStorageEnabled=false, locationContextEnabled=false, takesScreenshot=true, javascriptEnabled=true, deviceModel=ONE A2003, udid=7413475c, platformName=Android, deviceManufacturer=OnePlus}]
Session ID: f349ffa9-8dbc-4cc9-9fe2-5deebae02833">
      <![CDATA[org.openqa.selenium.remote.SessionNotFoundException: A session is either terminated or not started (WARNING: The server did not provide any stacktrace information)
Command duration or timeout: 5 milliseconds
Build info: version: '2.53.1', revision: 'a36b8b1cd5757287168e54b817830adce9b0158d', time: '2016-06-30 19:26:09'
System info: host: 'CS-075-LT-WS', ip: '169.254.202.181', os.name: 'Windows 8.1', os.arch: 'amd64', os.version: '6.3', java.version: '1.8.0_91'
Driver info: io.appium.java_client.android.AndroidDriver
Capabilities [{appPackage=com.facebook.katana, app=E:\suraj\Circles.LifeAutomationTest\circlesLifeAutomationTest\apk\facebook.apk, deviceScreenSize=1080x1920, networkConnectionEnabled=true, noReset=true, warnings={}, databaseEnabled=false, locale=US, deviceName=7413475c, deviceReadyTimeout=450, platform=ANDROID, deviceUDID=7413475c, appActivity=com.facebook.katana.LoginActivity, desired={appPackage=com.facebook.katana, appActivity=com.facebook.katana.LoginActivity, app=E:\suraj\Circles.LifeAutomationTest\circlesLifeAutomationTest\apk\facebook.apk, noReset=true, newCommandTimeout=60000, platformVersion=6.0.1, udid=7413475c, locale=US, platformName=Android, deviceName=oneplus, deviceReadyTimeout=450, platform=ANDROID}, newCommandTimeout=60000, platformVersion=6.0.1, webStorageEnabled=false, locationContextEnabled=false, takesScreenshot=true, javascriptEnabled=true, deviceModel=ONE A2003, udid=7413475c, platformName=Android, deviceManufacturer=OnePlus}]
Session ID: f349ffa9-8dbc-4cc9-9fe2-5deebae02833
	at org.openqa.selenium.remote.ErrorHandler.createThrowable(ErrorHandler.java:206)
	at org.openqa.selenium.remote.ErrorHandler.throwIfResponseFailed(ErrorHandler.java:158)
	at org.openqa.selenium.remote.RemoteWebDriver.execute(RemoteWebDriver.java:678)
	at io.appium.java_client.DefaultGenericMobileDriver.execute(DefaultGenericMobileDriver.java:40)
	at io.appium.java_client.AppiumDriver.execute(AppiumDriver.java:1)
	at io.appium.java_client.android.AndroidDriver.execute(AndroidDriver.java:1)
	at org.openqa.selenium.remote.RemoteWebDriver$RemoteWebDriverOptions$RemoteTimeouts.implicitlyWait(RemoteWebDriver.java:865)
	at io.appium.java_client.pagefactory.AppiumElementLocator.changeImplicitlyWaitTimeOut(AppiumElementLocator.java:75)
	at io.appium.java_client.pagefactory.AppiumElementLocator.waitFor(AppiumElementLocator.java:92)
	at io.appium.java_client.pagefactory.AppiumElementLocator.findElement(AppiumElementLocator.java:103)
	at io.appium.java_client.pagefactory.interceptors.InterceptorOfASingleElement.intercept(InterceptorOfASingleElement.java:57)
	at io.appium.java_client.android.AndroidElement$$EnhancerByCGLIB$$c0b591f0.toString(<generated>)
	at java.lang.String.valueOf(Unknown Source)
	at java.lang.StringBuilder.append(Unknown Source)
	at org.openqa.selenium.support.ui.ExpectedConditions$10.toString(ExpectedConditions.java:293)
	at org.openqa.selenium.support.ui.FluentWait.until(FluentWait.java:257)
	at com.facebook.Pages.FacebookAppHomePage.accessActivityLog(FacebookAppHomePage.java:48)
	at com.circlesLife.TestCases.FacebookAutomationTestCase.verifyLatestPostFromActivityLog(FacebookAutomationTestCase.java:83)
... Removed 27 stack frames]]>
    </failure>
  </testcase> <!-- verifyLatestPostFromActivityLog -->
</testsuite> <!-- Test1 -->
