<?xml version="1.0" encoding="UTF-8"?>
<!-- Generated by org.testng.reporters.JUnitXMLReporter -->
<testsuite hostname="CS-075-LT-WS" name="Test2" tests="2" failures="0" timestamp="17 May 2018 07:37:33 GMT" time="144.501" errors="0">
  <testcase name="verifyAppiumConnectionAndAppLuanch" time="18.214" classname="com.circlesLife.TestCases.FacebookAutomationTestCase"/>
  <testcase name="verifyFacebookLoginTest" time="111.275" classname="com.circlesLife.TestCases.FacebookAutomationTestCase"/>
</testsuite> <!-- Test2 -->
